<?xml version="1.0" encoding="UTF-8"?>
<testsuite xmlns:xsi="http://www.w3.org/2001/XMLSchema-instance" xsi:noNamespaceSchemaLocation="https://maven.apache.org/surefire/maven-surefire-plugin/xsd/surefire-test-report-3.0.xsd" version="3.0" name="com.udemy.springpetclinic.SpringPetClinicApplicationTests" time="12.751" tests="1" errors="0" skipped="0" failures="0">
  <properties>
    <property name="java.specification.version" value="20"/>
    <property name="sun.cpu.isalist" value="amd64"/>
    <property name="sun.jnu.encoding" value="Cp1252"/>
    <property name="java.class.path" value="C:\Users\guitc\OneDrive\Bureau\Code\Java\Spring\udemy\spring-pet-clinic\pet-clinic-web\target\test-classes;C:\Users\guitc\OneDrive\Bureau\Code\Java\Spring\udemy\spring-pet-clinic\pet-clinic-web\target\classes;C:\Users\guitc\OneDrive\Bureau\Code\Java\Spring\udemy\spring-pet-clinic\pet-clinic-data\target\pet-clinic-data-0.0.2-SNAPSHOT.jar;C:\Users\guitc\OneDrive\Bureau\Code\Java\env\maven\repository\org\springframework\boot\spring-boot-starter-data-jpa\3.1.4\spring-boot-starter-data-jpa-3.1.4.jar;C:\Users\guitc\OneDrive\Bureau\Code\Java\env\maven\repository\org\springframework\boot\spring-boot-starter-aop\3.1.4\spring-boot-starter-aop-3.1.4.jar;C:\Users\guitc\OneDrive\Bureau\Code\Java\env\maven\repository\org\aspectj\aspectjweaver\1.9.20\aspectjweaver-1.9.20.jar;C:\Users\guitc\OneDrive\Bureau\Code\Java\env\maven\repository\org\springframework\boot\spring-boot-starter-jdbc\3.1.4\spring-boot-starter-jdbc-3.1.4.jar;C:\Users\guitc\OneDrive\Bureau\Code\Java\env\maven\repository\com\zaxxer\HikariCP\5.0.1\HikariCP-5.0.1.jar;C:\Users\guitc\OneDrive\Bureau\Code\Java\env\maven\repository\org\springframework\spring-jdbc\6.0.12\spring-jdbc-6.0.12.jar;C:\Users\guitc\OneDrive\Bureau\Code\Java\env\maven\repository\org\hibernate\orm\hibernate-core\6.2.9.Final\hibernate-core-6.2.9.Final.jar;C:\Users\guitc\OneDrive\Bureau\Code\Java\env\maven\repository\jakarta\persistence\jakarta.persistence-api\3.1.0\jakarta.persistence-api-3.1.0.jar;C:\Users\guitc\OneDrive\Bureau\Code\Java\env\maven\repository\jakarta\transaction\jakarta.transaction-api\2.0.1\jakarta.transaction-api-2.0.1.jar;C:\Users\guitc\OneDrive\Bureau\Code\Java\env\maven\repository\org\jboss\logging\jboss-logging\3.5.3.Final\jboss-logging-3.5.3.Final.jar;C:\Users\guitc\OneDrive\Bureau\Code\Java\env\maven\repository\org\hibernate\common\hibernate-commons-annotations\6.0.6.Final\hibernate-commons-annotations-6.0.6.Final.jar;C:\Users\guitc\OneDrive\Bureau\Code\Java\env\maven\repository\io\smallrye\jandex\3.0.5\jandex-3.0.5.jar;C:\Users\guitc\OneDrive\Bureau\Code\Java\env\maven\repository\com\fasterxml\classmate\1.5.1\classmate-1.5.1.jar;C:\Users\guitc\OneDrive\Bureau\Code\Java\env\maven\repository\org\glassfish\jaxb\jaxb-runtime\4.0.3\jaxb-runtime-4.0.3.jar;C:\Users\guitc\OneDrive\Bureau\Code\Java\env\maven\repository\org\glassfish\jaxb\jaxb-core\4.0.3\jaxb-core-4.0.3.jar;C:\Users\guitc\OneDrive\Bureau\Code\Java\env\maven\repository\org\eclipse\angus\angus-activation\2.0.1\angus-activation-2.0.1.jar;C:\Users\guitc\OneDrive\Bureau\Code\Java\env\maven\repository\org\glassfish\jaxb\txw2\4.0.3\txw2-4.0.3.jar;C:\Users\guitc\OneDrive\Bureau\Code\Java\env\maven\repository\com\sun\istack\istack-commons-runtime\4.1.2\istack-commons-runtime-4.1.2.jar;C:\Users\guitc\OneDrive\Bureau\Code\Java\env\maven\repository\jakarta\inject\jakarta.inject-api\2.0.1\jakarta.inject-api-2.0.1.jar;C:\Users\guitc\OneDrive\Bureau\Code\Java\env\maven\repository\org\antlr\antlr4-runtime\4.10.1\antlr4-runtime-4.10.1.jar;C:\Users\guitc\OneDrive\Bureau\Code\Java\env\maven\repository\org\springframework\data\spring-data-jpa\3.1.4\spring-data-jpa-3.1.4.jar;C:\Users\guitc\OneDrive\Bureau\Code\Java\env\maven\repository\org\springframework\data\spring-data-commons\3.1.4\spring-data-commons-3.1.4.jar;C:\Users\guitc\OneDrive\Bureau\Code\Java\env\maven\repository\org\springframework\spring-orm\6.0.12\spring-orm-6.0.12.jar;C:\Users\guitc\OneDrive\Bureau\Code\Java\env\maven\repository\org\springframework\spring-tx\6.0.12\spring-tx-6.0.12.jar;C:\Users\guitc\OneDrive\Bureau\Code\Java\env\maven\repository\org\springframework\spring-aspects\6.0.12\spring-aspects-6.0.12.jar;C:\Users\guitc\OneDrive\Bureau\Code\Java\env\maven\repository\com\h2database\h2\2.1.214\h2-2.1.214.jar;C:\Users\guitc\OneDrive\Bureau\Code\Java\env\maven\repository\com\mysql\mysql-connector-j\8.0.33\mysql-connector-j-8.0.33.jar;C:\Users\guitc\OneDrive\Bureau\Code\Java\env\maven\repository\org\springframework\boot\spring-boot-starter-actuator\3.1.4\spring-boot-starter-actuator-3.1.4.jar;C:\Users\guitc\OneDrive\Bureau\Code\Java\env\maven\repository\org\springframework\boot\spring-boot-starter\3.1.4\spring-boot-starter-3.1.4.jar;C:\Users\guitc\OneDrive\Bureau\Code\Java\env\maven\repository\org\springframework\boot\spring-boot-starter-logging\3.1.4\spring-boot-starter-logging-3.1.4.jar;C:\Users\guitc\OneDrive\Bureau\Code\Java\env\maven\repository\ch\qos\logback\logback-classic\1.4.11\logback-classic-1.4.11.jar;C:\Users\guitc\OneDrive\Bureau\Code\Java\env\maven\repository\ch\qos\logback\logback-core\1.4.11\logback-core-1.4.11.jar;C:\Users\guitc\OneDrive\Bureau\Code\Java\env\maven\repository\org\apache\logging\log4j\log4j-to-slf4j\2.20.0\log4j-to-slf4j-2.20.0.jar;C:\Users\guitc\OneDrive\Bureau\Code\Java\env\maven\repository\org\apache\logging\log4j\log4j-api\2.20.0\log4j-api-2.20.0.jar;C:\Users\guitc\OneDrive\Bureau\Code\Java\env\maven\repository\org\slf4j\jul-to-slf4j\2.0.9\jul-to-slf4j-2.0.9.jar;C:\Users\guitc\OneDrive\Bureau\Code\Java\env\maven\repository\jakarta\annotation\jakarta.annotation-api\2.1.1\jakarta.annotation-api-2.1.1.jar;C:\Users\guitc\OneDrive\Bureau\Code\Java\env\maven\repository\org\yaml\snakeyaml\1.33\snakeyaml-1.33.jar;C:\Users\guitc\OneDrive\Bureau\Code\Java\env\maven\repository\org\springframework\boot\spring-boot-actuator-autoconfigure\3.1.4\spring-boot-actuator-autoconfigure-3.1.4.jar;C:\Users\guitc\OneDrive\Bureau\Code\Java\env\maven\repository\org\springframework\boot\spring-boot-actuator\3.1.4\spring-boot-actuator-3.1.4.jar;C:\Users\guitc\OneDrive\Bureau\Code\Java\env\maven\repository\com\fasterxml\jackson\core\jackson-databind\2.15.2\jackson-databind-2.15.2.jar;C:\Users\guitc\OneDrive\Bureau\Code\Java\env\maven\repository\com\fasterxml\jackson\core\jackson-annotations\2.15.2\jackson-annotations-2.15.2.jar;C:\Users\guitc\OneDrive\Bureau\Code\Java\env\maven\repository\com\fasterxml\jackson\datatype\jackson-datatype-jsr310\2.15.2\jackson-datatype-jsr310-2.15.2.jar;C:\Users\guitc\OneDrive\Bureau\Code\Java\env\maven\repository\io\micrometer\micrometer-observation\1.11.4\micrometer-observation-1.11.4.jar;C:\Users\guitc\OneDrive\Bureau\Code\Java\env\maven\repository\io\micrometer\micrometer-commons\1.11.4\micrometer-commons-1.11.4.jar;C:\Users\guitc\OneDrive\Bureau\Code\Java\env\maven\repository\io\micrometer\micrometer-core\1.11.4\micrometer-core-1.11.4.jar;C:\Users\guitc\OneDrive\Bureau\Code\Java\env\maven\repository\org\hdrhistogram\HdrHistogram\2.1.12\HdrHistogram-2.1.12.jar;C:\Users\guitc\OneDrive\Bureau\Code\Java\env\maven\repository\org\latencyutils\LatencyUtils\2.0.3\LatencyUtils-2.0.3.jar;C:\Users\guitc\OneDrive\Bureau\Code\Java\env\maven\repository\org\springframework\boot\spring-boot-starter-thymeleaf\3.1.4\spring-boot-starter-thymeleaf-3.1.4.jar;C:\Users\guitc\OneDrive\Bureau\Code\Java\env\maven\repository\org\thymeleaf\thymeleaf-spring6\3.1.2.RELEASE\thymeleaf-spring6-3.1.2.RELEASE.jar;C:\Users\guitc\OneDrive\Bureau\Code\Java\env\maven\repository\org\thymeleaf\thymeleaf\3.1.2.RELEASE\thymeleaf-3.1.2.RELEASE.jar;C:\Users\guitc\OneDrive\Bureau\Code\Java\env\maven\repository\org\attoparser\attoparser\2.0.7.RELEASE\attoparser-2.0.7.RELEASE.jar;C:\Users\guitc\OneDrive\Bureau\Code\Java\env\maven\repository\org\unbescape\unbescape\1.1.6.RELEASE\unbescape-1.1.6.RELEASE.jar;C:\Users\guitc\OneDrive\Bureau\Code\Java\env\maven\repository\org\springframework\boot\spring-boot-starter-web\3.1.4\spring-boot-starter-web-3.1.4.jar;C:\Users\guitc\OneDrive\Bureau\Code\Java\env\maven\repository\org\springframework\boot\spring-boot-starter-json\3.1.4\spring-boot-starter-json-3.1.4.jar;C:\Users\guitc\OneDrive\Bureau\Code\Java\env\maven\repository\com\fasterxml\jackson\datatype\jackson-datatype-jdk8\2.15.2\jackson-datatype-jdk8-2.15.2.jar;C:\Users\guitc\OneDrive\Bureau\Code\Java\env\maven\repository\com\fasterxml\jackson\module\jackson-module-parameter-names\2.15.2\jackson-module-parameter-names-2.15.2.jar;C:\Users\guitc\OneDrive\Bureau\Code\Java\env\maven\repository\org\springframework\boot\spring-boot-starter-tomcat\3.1.4\spring-boot-starter-tomcat-3.1.4.jar;C:\Users\guitc\OneDrive\Bureau\Code\Java\env\maven\repository\org\apache\tomcat\embed\tomcat-embed-core\10.1.13\tomcat-embed-core-10.1.13.jar;C:\Users\guitc\OneDrive\Bureau\Code\Java\env\maven\repository\org\apache\tomcat\embed\tomcat-embed-el\10.1.13\tomcat-embed-el-10.1.13.jar;C:\Users\guitc\OneDrive\Bureau\Code\Java\env\maven\repository\org\apache\tomcat\embed\tomcat-embed-websocket\10.1.13\tomcat-embed-websocket-10.1.13.jar;C:\Users\guitc\OneDrive\Bureau\Code\Java\env\maven\repository\org\springframework\spring-web\6.0.12\spring-web-6.0.12.jar;C:\Users\guitc\OneDrive\Bureau\Code\Java\env\maven\repository\org\springframework\spring-beans\6.0.12\spring-beans-6.0.12.jar;C:\Users\guitc\OneDrive\Bureau\Code\Java\env\maven\repository\org\springframework\spring-webmvc\6.0.12\spring-webmvc-6.0.12.jar;C:\Users\guitc\OneDrive\Bureau\Code\Java\env\maven\repository\org\springframework\spring-aop\6.0.12\spring-aop-6.0.12.jar;C:\Users\guitc\OneDrive\Bureau\Code\Java\env\maven\repository\org\springframework\spring-context\6.0.12\spring-context-6.0.12.jar;C:\Users\guitc\OneDrive\Bureau\Code\Java\env\maven\repository\org\springframework\spring-expression\6.0.12\spring-expression-6.0.12.jar;C:\Users\guitc\OneDrive\Bureau\Code\Java\env\maven\repository\org\springframework\boot\spring-boot-devtools\3.1.4\spring-boot-devtools-3.1.4.jar;C:\Users\guitc\OneDrive\Bureau\Code\Java\env\maven\repository\org\springframework\boot\spring-boot\3.1.4\spring-boot-3.1.4.jar;C:\Users\guitc\OneDrive\Bureau\Code\Java\env\maven\repository\org\springframework\boot\spring-boot-autoconfigure\3.1.4\spring-boot-autoconfigure-3.1.4.jar;C:\Users\guitc\OneDrive\Bureau\Code\Java\env\maven\repository\org\webjars\webjars-locator-core\0.52\webjars-locator-core-0.52.jar;C:\Users\guitc\OneDrive\Bureau\Code\Java\env\maven\repository\org\slf4j\slf4j-api\2.0.9\slf4j-api-2.0.9.jar;C:\Users\guitc\OneDrive\Bureau\Code\Java\env\maven\repository\io\github\classgraph\classgraph\4.8.147\classgraph-4.8.147.jar;C:\Users\guitc\OneDrive\Bureau\Code\Java\env\maven\repository\com\fasterxml\jackson\core\jackson-core\2.15.2\jackson-core-2.15.2.jar;C:\Users\guitc\OneDrive\Bureau\Code\Java\env\maven\repository\org\webjars\jquery\2.2.4\jquery-2.2.4.jar;C:\Users\guitc\OneDrive\Bureau\Code\Java\env\maven\repository\org\webjars\jquery-ui\1.11.4\jquery-ui-1.11.4.jar;C:\Users\guitc\OneDrive\Bureau\Code\Java\env\maven\repository\org\webjars\bootstrap\3.3.6\bootstrap-3.3.6.jar;C:\Users\guitc\OneDrive\Bureau\Code\Java\env\maven\repository\org\springframework\boot\spring-boot-starter-test\3.1.4\spring-boot-starter-test-3.1.4.jar;C:\Users\guitc\OneDrive\Bureau\Code\Java\env\maven\repository\org\springframework\boot\spring-boot-test\3.1.4\spring-boot-test-3.1.4.jar;C:\Users\guitc\OneDrive\Bureau\Code\Java\env\maven\repository\org\springframework\boot\spring-boot-test-autoconfigure\3.1.4\spring-boot-test-autoconfigure-3.1.4.jar;C:\Users\guitc\OneDrive\Bureau\Code\Java\env\maven\repository\com\jayway\jsonpath\json-path\2.8.0\json-path-2.8.0.jar;C:\Users\guitc\OneDrive\Bureau\Code\Java\env\maven\repository\jakarta\xml\bind\jakarta.xml.bind-api\4.0.1\jakarta.xml.bind-api-4.0.1.jar;C:\Users\guitc\OneDrive\Bureau\Code\Java\env\maven\repository\jakarta\activation\jakarta.activation-api\2.1.2\jakarta.activation-api-2.1.2.jar;C:\Users\guitc\OneDrive\Bureau\Code\Java\env\maven\repository\net\minidev\json-smart\2.4.11\json-smart-2.4.11.jar;C:\Users\guitc\OneDrive\Bureau\Code\Java\env\maven\repository\net\minidev\accessors-smart\2.4.11\accessors-smart-2.4.11.jar;C:\Users\guitc\OneDrive\Bureau\Code\Java\env\maven\repository\org\ow2\asm\asm\9.3\asm-9.3.jar;C:\Users\guitc\OneDrive\Bureau\Code\Java\env\maven\repository\org\assertj\assertj-core\3.24.2\assertj-core-3.24.2.jar;C:\Users\guitc\OneDrive\Bureau\Code\Java\env\maven\repository\net\bytebuddy\byte-buddy\1.14.8\byte-buddy-1.14.8.jar;C:\Users\guitc\OneDrive\Bureau\Code\Java\env\maven\repository\org\hamcrest\hamcrest\2.2\hamcrest-2.2.jar;C:\Users\guitc\OneDrive\Bureau\Code\Java\env\maven\repository\org\junit\jupiter\junit-jupiter\5.9.3\junit-jupiter-5.9.3.jar;C:\Users\guitc\OneDrive\Bureau\Code\Java\env\maven\repository\org\junit\jupiter\junit-jupiter-api\5.9.3\junit-jupiter-api-5.9.3.jar;C:\Users\guitc\OneDrive\Bureau\Code\Java\env\maven\repository\org\opentest4j\opentest4j\1.2.0\opentest4j-1.2.0.jar;C:\Users\guitc\OneDrive\Bureau\Code\Java\env\maven\repository\org\junit\platform\junit-platform-commons\1.9.3\junit-platform-commons-1.9.3.jar;C:\Users\guitc\OneDrive\Bureau\Code\Java\env\maven\repository\org\apiguardian\apiguardian-api\1.1.2\apiguardian-api-1.1.2.jar;C:\Users\guitc\OneDrive\Bureau\Code\Java\env\maven\repository\org\junit\jupiter\junit-jupiter-params\5.9.3\junit-jupiter-params-5.9.3.jar;C:\Users\guitc\OneDrive\Bureau\Code\Java\env\maven\repository\org\junit\jupiter\junit-jupiter-engine\5.9.3\junit-jupiter-engine-5.9.3.jar;C:\Users\guitc\OneDrive\Bureau\Code\Java\env\maven\repository\org\junit\platform\junit-platform-engine\1.9.3\junit-platform-engine-1.9.3.jar;C:\Users\guitc\OneDrive\Bureau\Code\Java\env\maven\repository\org\mockito\mockito-core\5.3.1\mockito-core-5.3.1.jar;C:\Users\guitc\OneDrive\Bureau\Code\Java\env\maven\repository\net\bytebuddy\byte-buddy-agent\1.14.8\byte-buddy-agent-1.14.8.jar;C:\Users\guitc\OneDrive\Bureau\Code\Java\env\maven\repository\org\objenesis\objenesis\3.3\objenesis-3.3.jar;C:\Users\guitc\OneDrive\Bureau\Code\Java\env\maven\repository\org\mockito\mockito-junit-jupiter\5.3.1\mockito-junit-jupiter-5.3.1.jar;C:\Users\guitc\OneDrive\Bureau\Code\Java\env\maven\repository\org\skyscreamer\jsonassert\1.5.1\jsonassert-1.5.1.jar;C:\Users\guitc\OneDrive\Bureau\Code\Java\env\maven\repository\com\vaadin\external\google\android-json\0.0.20131108.vaadin1\android-json-0.0.20131108.vaadin1.jar;C:\Users\guitc\OneDrive\Bureau\Code\Java\env\maven\repository\org\springframework\spring-core\6.0.12\spring-core-6.0.12.jar;C:\Users\guitc\OneDrive\Bureau\Code\Java\env\maven\repository\org\springframework\spring-jcl\6.0.12\spring-jcl-6.0.12.jar;C:\Users\guitc\OneDrive\Bureau\Code\Java\env\maven\repository\org\springframework\spring-test\6.0.12\spring-test-6.0.12.jar;C:\Users\guitc\OneDrive\Bureau\Code\Java\env\maven\repository\org\xmlunit\xmlunit-core\2.9.1\xmlunit-core-2.9.1.jar;"/>
    <property name="java.vm.vendor" value="Oracle Corporation"/>
    <property name="sun.arch.data.model" value="64"/>
    <property name="user.variant" value=""/>
    <property name="java.vendor.url" value="https://java.oracle.com/"/>
    <property name="user.timezone" value="Europe/Brussels"/>
    <property name="org.jboss.logging.provider" value="slf4j"/>
    <property name="os.name" value="Windows 11"/>
    <property name="java.vm.specification.version" value="20"/>
    <property name="sun.java.launcher" value="SUN_STANDARD"/>
    <property name="user.country" value="FR"/>
    <property name="sun.boot.library.path" value="C:\Users\guitc\OneDrive\Bureau\Code\Java\env\java\jdk-20.0.2\bin"/>
    <property name="sun.java.command" value="C:\Users\guitc\AppData\Local\Temp\surefire9201337621624834062\surefirebooter-20231009181231349_3.jar C:\Users\guitc\AppData\Local\Temp\surefire9201337621624834062 2023-10-09T18-12-13_383-jvmRun1 surefire-20231009181231349_1tmp surefire_0-20231009181231349_2tmp"/>
    <property name="jdk.debug" value="release"/>
    <property name="surefire.test.class.path" value="C:\Users\guitc\OneDrive\Bureau\Code\Java\Spring\udemy\spring-pet-clinic\pet-clinic-web\target\test-classes;C:\Users\guitc\OneDrive\Bureau\Code\Java\Spring\udemy\spring-pet-clinic\pet-clinic-web\target\classes;C:\Users\guitc\OneDrive\Bureau\Code\Java\Spring\udemy\spring-pet-clinic\pet-clinic-data\target\pet-clinic-data-0.0.2-SNAPSHOT.jar;C:\Users\guitc\OneDrive\Bureau\Code\Java\env\maven\repository\org\springframework\boot\spring-boot-starter-data-jpa\3.1.4\spring-boot-starter-data-jpa-3.1.4.jar;C:\Users\guitc\OneDrive\Bureau\Code\Java\env\maven\repository\org\springframework\boot\spring-boot-starter-aop\3.1.4\spring-boot-starter-aop-3.1.4.jar;C:\Users\guitc\OneDrive\Bureau\Code\Java\env\maven\repository\org\aspectj\aspectjweaver\1.9.20\aspectjweaver-1.9.20.jar;C:\Users\guitc\OneDrive\Bureau\Code\Java\env\maven\repository\org\springframework\boot\spring-boot-starter-jdbc\3.1.4\spring-boot-starter-jdbc-3.1.4.jar;C:\Users\guitc\OneDrive\Bureau\Code\Java\env\maven\repository\com\zaxxer\HikariCP\5.0.1\HikariCP-5.0.1.jar;C:\Users\guitc\OneDrive\Bureau\Code\Java\env\maven\repository\org\springframework\spring-jdbc\6.0.12\spring-jdbc-6.0.12.jar;C:\Users\guitc\OneDrive\Bureau\Code\Java\env\maven\repository\org\hibernate\orm\hibernate-core\6.2.9.Final\hibernate-core-6.2.9.Final.jar;C:\Users\guitc\OneDrive\Bureau\Code\Java\env\maven\repository\jakarta\persistence\jakarta.persistence-api\3.1.0\jakarta.persistence-api-3.1.0.jar;C:\Users\guitc\OneDrive\Bureau\Code\Java\env\maven\repository\jakarta\transaction\jakarta.transaction-api\2.0.1\jakarta.transaction-api-2.0.1.jar;C:\Users\guitc\OneDrive\Bureau\Code\Java\env\maven\repository\org\jboss\logging\jboss-logging\3.5.3.Final\jboss-logging-3.5.3.Final.jar;C:\Users\guitc\OneDrive\Bureau\Code\Java\env\maven\repository\org\hibernate\common\hibernate-commons-annotations\6.0.6.Final\hibernate-commons-annotations-6.0.6.Final.jar;C:\Users\guitc\OneDrive\Bureau\Code\Java\env\maven\repository\io\smallrye\jandex\3.0.5\jandex-3.0.5.jar;C:\Users\guitc\OneDrive\Bureau\Code\Java\env\maven\repository\com\fasterxml\classmate\1.5.1\classmate-1.5.1.jar;C:\Users\guitc\OneDrive\Bureau\Code\Java\env\maven\repository\org\glassfish\jaxb\jaxb-runtime\4.0.3\jaxb-runtime-4.0.3.jar;C:\Users\guitc\OneDrive\Bureau\Code\Java\env\maven\repository\org\glassfish\jaxb\jaxb-core\4.0.3\jaxb-core-4.0.3.jar;C:\Users\guitc\OneDrive\Bureau\Code\Java\env\maven\repository\org\eclipse\angus\angus-activation\2.0.1\angus-activation-2.0.1.jar;C:\Users\guitc\OneDrive\Bureau\Code\Java\env\maven\repository\org\glassfish\jaxb\txw2\4.0.3\txw2-4.0.3.jar;C:\Users\guitc\OneDrive\Bureau\Code\Java\env\maven\repository\com\sun\istack\istack-commons-runtime\4.1.2\istack-commons-runtime-4.1.2.jar;C:\Users\guitc\OneDrive\Bureau\Code\Java\env\maven\repository\jakarta\inject\jakarta.inject-api\2.0.1\jakarta.inject-api-2.0.1.jar;C:\Users\guitc\OneDrive\Bureau\Code\Java\env\maven\repository\org\antlr\antlr4-runtime\4.10.1\antlr4-runtime-4.10.1.jar;C:\Users\guitc\OneDrive\Bureau\Code\Java\env\maven\repository\org\springframework\data\spring-data-jpa\3.1.4\spring-data-jpa-3.1.4.jar;C:\Users\guitc\OneDrive\Bureau\Code\Java\env\maven\repository\org\springframework\data\spring-data-commons\3.1.4\spring-data-commons-3.1.4.jar;C:\Users\guitc\OneDrive\Bureau\Code\Java\env\maven\repository\org\springframework\spring-orm\6.0.12\spring-orm-6.0.12.jar;C:\Users\guitc\OneDrive\Bureau\Code\Java\env\maven\repository\org\springframework\spring-tx\6.0.12\spring-tx-6.0.12.jar;C:\Users\guitc\OneDrive\Bureau\Code\Java\env\maven\repository\org\springframework\spring-aspects\6.0.12\spring-aspects-6.0.12.jar;C:\Users\guitc\OneDrive\Bureau\Code\Java\env\maven\repository\com\h2database\h2\2.1.214\h2-2.1.214.jar;C:\Users\guitc\OneDrive\Bureau\Code\Java\env\maven\repository\com\mysql\mysql-connector-j\8.0.33\mysql-connector-j-8.0.33.jar;C:\Users\guitc\OneDrive\Bureau\Code\Java\env\maven\repository\org\springframework\boot\spring-boot-starter-actuator\3.1.4\spring-boot-starter-actuator-3.1.4.jar;C:\Users\guitc\OneDrive\Bureau\Code\Java\env\maven\repository\org\springframework\boot\spring-boot-starter\3.1.4\spring-boot-starter-3.1.4.jar;C:\Users\guitc\OneDrive\Bureau\Code\Java\env\maven\repository\org\springframework\boot\spring-boot-starter-logging\3.1.4\spring-boot-starter-logging-3.1.4.jar;C:\Users\guitc\OneDrive\Bureau\Code\Java\env\maven\repository\ch\qos\logback\logback-classic\1.4.11\logback-classic-1.4.11.jar;C:\Users\guitc\OneDrive\Bureau\Code\Java\env\maven\repository\ch\qos\logback\logback-core\1.4.11\logback-core-1.4.11.jar;C:\Users\guitc\OneDrive\Bureau\Code\Java\env\maven\repository\org\apache\logging\log4j\log4j-to-slf4j\2.20.0\log4j-to-slf4j-2.20.0.jar;C:\Users\guitc\OneDrive\Bureau\Code\Java\env\maven\repository\org\apache\logging\log4j\log4j-api\2.20.0\log4j-api-2.20.0.jar;C:\Users\guitc\OneDrive\Bureau\Code\Java\env\maven\repository\org\slf4j\jul-to-slf4j\2.0.9\jul-to-slf4j-2.0.9.jar;C:\Users\guitc\OneDrive\Bureau\Code\Java\env\maven\repository\jakarta\annotation\jakarta.annotation-api\2.1.1\jakarta.annotation-api-2.1.1.jar;C:\Users\guitc\OneDrive\Bureau\Code\Java\env\maven\repository\org\yaml\snakeyaml\1.33\snakeyaml-1.33.jar;C:\Users\guitc\OneDrive\Bureau\Code\Java\env\maven\repository\org\springframework\boot\spring-boot-actuator-autoconfigure\3.1.4\spring-boot-actuator-autoconfigure-3.1.4.jar;C:\Users\guitc\OneDrive\Bureau\Code\Java\env\maven\repository\org\springframework\boot\spring-boot-actuator\3.1.4\spring-boot-actuator-3.1.4.jar;C:\Users\guitc\OneDrive\Bureau\Code\Java\env\maven\repository\com\fasterxml\jackson\core\jackson-databind\2.15.2\jackson-databind-2.15.2.jar;C:\Users\guitc\OneDrive\Bureau\Code\Java\env\maven\repository\com\fasterxml\jackson\core\jackson-annotations\2.15.2\jackson-annotations-2.15.2.jar;C:\Users\guitc\OneDrive\Bureau\Code\Java\env\maven\repository\com\fasterxml\jackson\datatype\jackson-datatype-jsr310\2.15.2\jackson-datatype-jsr310-2.15.2.jar;C:\Users\guitc\OneDrive\Bureau\Code\Java\env\maven\repository\io\micrometer\micrometer-observation\1.11.4\micrometer-observation-1.11.4.jar;C:\Users\guitc\OneDrive\Bureau\Code\Java\env\maven\repository\io\micrometer\micrometer-commons\1.11.4\micrometer-commons-1.11.4.jar;C:\Users\guitc\OneDrive\Bureau\Code\Java\env\maven\repository\io\micrometer\micrometer-core\1.11.4\micrometer-core-1.11.4.jar;C:\Users\guitc\OneDrive\Bureau\Code\Java\env\maven\repository\org\hdrhistogram\HdrHistogram\2.1.12\HdrHistogram-2.1.12.jar;C:\Users\guitc\OneDrive\Bureau\Code\Java\env\maven\repository\org\latencyutils\LatencyUtils\2.0.3\LatencyUtils-2.0.3.jar;C:\Users\guitc\OneDrive\Bureau\Code\Java\env\maven\repository\org\springframework\boot\spring-boot-starter-thymeleaf\3.1.4\spring-boot-starter-thymeleaf-3.1.4.jar;C:\Users\guitc\OneDrive\Bureau\Code\Java\env\maven\repository\org\thymeleaf\thymeleaf-spring6\3.1.2.RELEASE\thymeleaf-spring6-3.1.2.RELEASE.jar;C:\Users\guitc\OneDrive\Bureau\Code\Java\env\maven\repository\org\thymeleaf\thymeleaf\3.1.2.RELEASE\thymeleaf-3.1.2.RELEASE.jar;C:\Users\guitc\OneDrive\Bureau\Code\Java\env\maven\repository\org\attoparser\attoparser\2.0.7.RELEASE\attoparser-2.0.7.RELEASE.jar;C:\Users\guitc\OneDrive\Bureau\Code\Java\env\maven\repository\org\unbescape\unbescape\1.1.6.RELEASE\unbescape-1.1.6.RELEASE.jar;C:\Users\guitc\OneDrive\Bureau\Code\Java\env\maven\repository\org\springframework\boot\spring-boot-starter-web\3.1.4\spring-boot-starter-web-3.1.4.jar;C:\Users\guitc\OneDrive\Bureau\Code\Java\env\maven\repository\org\springframework\boot\spring-boot-starter-json\3.1.4\spring-boot-starter-json-3.1.4.jar;C:\Users\guitc\OneDrive\Bureau\Code\Java\env\maven\repository\com\fasterxml\jackson\datatype\jackson-datatype-jdk8\2.15.2\jackson-datatype-jdk8-2.15.2.jar;C:\Users\guitc\OneDrive\Bureau\Code\Java\env\maven\repository\com\fasterxml\jackson\module\jackson-module-parameter-names\2.15.2\jackson-module-parameter-names-2.15.2.jar;C:\Users\guitc\OneDrive\Bureau\Code\Java\env\maven\repository\org\springframework\boot\spring-boot-starter-tomcat\3.1.4\spring-boot-starter-tomcat-3.1.4.jar;C:\Users\guitc\OneDrive\Bureau\Code\Java\env\maven\repository\org\apache\tomcat\embed\tomcat-embed-core\10.1.13\tomcat-embed-core-10.1.13.jar;C:\Users\guitc\OneDrive\Bureau\Code\Java\env\maven\repository\org\apache\tomcat\embed\tomcat-embed-el\10.1.13\tomcat-embed-el-10.1.13.jar;C:\Users\guitc\OneDrive\Bureau\Code\Java\env\maven\repository\org\apache\tomcat\embed\tomcat-embed-websocket\10.1.13\tomcat-embed-websocket-10.1.13.jar;C:\Users\guitc\OneDrive\Bureau\Code\Java\env\maven\repository\org\springframework\spring-web\6.0.12\spring-web-6.0.12.jar;C:\Users\guitc\OneDrive\Bureau\Code\Java\env\maven\repository\org\springframework\spring-beans\6.0.12\spring-beans-6.0.12.jar;C:\Users\guitc\OneDrive\Bureau\Code\Java\env\maven\repository\org\springframework\spring-webmvc\6.0.12\spring-webmvc-6.0.12.jar;C:\Users\guitc\OneDrive\Bureau\Code\Java\env\maven\repository\org\springframework\spring-aop\6.0.12\spring-aop-6.0.12.jar;C:\Users\guitc\OneDrive\Bureau\Code\Java\env\maven\repository\org\springframework\spring-context\6.0.12\spring-context-6.0.12.jar;C:\Users\guitc\OneDrive\Bureau\Code\Java\env\maven\repository\org\springframework\spring-expression\6.0.12\spring-expression-6.0.12.jar;C:\Users\guitc\OneDrive\Bureau\Code\Java\env\maven\repository\org\springframework\boot\spring-boot-devtools\3.1.4\spring-boot-devtools-3.1.4.jar;C:\Users\guitc\OneDrive\Bureau\Code\Java\env\maven\repository\org\springframework\boot\spring-boot\3.1.4\spring-boot-3.1.4.jar;C:\Users\guitc\OneDrive\Bureau\Code\Java\env\maven\repository\org\springframework\boot\spring-boot-autoconfigure\3.1.4\spring-boot-autoconfigure-3.1.4.jar;C:\Users\guitc\OneDrive\Bureau\Code\Java\env\maven\repository\org\webjars\webjars-locator-core\0.52\webjars-locator-core-0.52.jar;C:\Users\guitc\OneDrive\Bureau\Code\Java\env\maven\repository\org\slf4j\slf4j-api\2.0.9\slf4j-api-2.0.9.jar;C:\Users\guitc\OneDrive\Bureau\Code\Java\env\maven\repository\io\github\classgraph\classgraph\4.8.147\classgraph-4.8.147.jar;C:\Users\guitc\OneDrive\Bureau\Code\Java\env\maven\repository\com\fasterxml\jackson\core\jackson-core\2.15.2\jackson-core-2.15.2.jar;C:\Users\guitc\OneDrive\Bureau\Code\Java\env\maven\repository\org\webjars\jquery\2.2.4\jquery-2.2.4.jar;C:\Users\guitc\OneDrive\Bureau\Code\Java\env\maven\repository\org\webjars\jquery-ui\1.11.4\jquery-ui-1.11.4.jar;C:\Users\guitc\OneDrive\Bureau\Code\Java\env\maven\repository\org\webjars\bootstrap\3.3.6\bootstrap-3.3.6.jar;C:\Users\guitc\OneDrive\Bureau\Code\Java\env\maven\repository\org\springframework\boot\spring-boot-starter-test\3.1.4\spring-boot-starter-test-3.1.4.jar;C:\Users\guitc\OneDrive\Bureau\Code\Java\env\maven\repository\org\springframework\boot\spring-boot-test\3.1.4\spring-boot-test-3.1.4.jar;C:\Users\guitc\OneDrive\Bureau\Code\Java\env\maven\repository\org\springframework\boot\spring-boot-test-autoconfigure\3.1.4\spring-boot-test-autoconfigure-3.1.4.jar;C:\Users\guitc\OneDrive\Bureau\Code\Java\env\maven\repository\com\jayway\jsonpath\json-path\2.8.0\json-path-2.8.0.jar;C:\Users\guitc\OneDrive\Bureau\Code\Java\env\maven\repository\jakarta\xml\bind\jakarta.xml.bind-api\4.0.1\jakarta.xml.bind-api-4.0.1.jar;C:\Users\guitc\OneDrive\Bureau\Code\Java\env\maven\repository\jakarta\activation\jakarta.activation-api\2.1.2\jakarta.activation-api-2.1.2.jar;C:\Users\guitc\OneDrive\Bureau\Code\Java\env\maven\repository\net\minidev\json-smart\2.4.11\json-smart-2.4.11.jar;C:\Users\guitc\OneDrive\Bureau\Code\Java\env\maven\repository\net\minidev\accessors-smart\2.4.11\accessors-smart-2.4.11.jar;C:\Users\guitc\OneDrive\Bureau\Code\Java\env\maven\repository\org\ow2\asm\asm\9.3\asm-9.3.jar;C:\Users\guitc\OneDrive\Bureau\Code\Java\env\maven\repository\org\assertj\assertj-core\3.24.2\assertj-core-3.24.2.jar;C:\Users\guitc\OneDrive\Bureau\Code\Java\env\maven\repository\net\bytebuddy\byte-buddy\1.14.8\byte-buddy-1.14.8.jar;C:\Users\guitc\OneDrive\Bureau\Code\Java\env\maven\repository\org\hamcrest\hamcrest\2.2\hamcrest-2.2.jar;C:\Users\guitc\OneDrive\Bureau\Code\Java\env\maven\repository\org\junit\jupiter\junit-jupiter\5.9.3\junit-jupiter-5.9.3.jar;C:\Users\guitc\OneDrive\Bureau\Code\Java\env\maven\repository\org\junit\jupiter\junit-jupiter-api\5.9.3\junit-jupiter-api-5.9.3.jar;C:\Users\guitc\OneDrive\Bureau\Code\Java\env\maven\repository\org\opentest4j\opentest4j\1.2.0\opentest4j-1.2.0.jar;C:\Users\guitc\OneDrive\Bureau\Code\Java\env\maven\repository\org\junit\platform\junit-platform-commons\1.9.3\junit-platform-commons-1.9.3.jar;C:\Users\guitc\OneDrive\Bureau\Code\Java\env\maven\repository\org\apiguardian\apiguardian-api\1.1.2\apiguardian-api-1.1.2.jar;C:\Users\guitc\OneDrive\Bureau\Code\Java\env\maven\repository\org\junit\jupiter\junit-jupiter-params\5.9.3\junit-jupiter-params-5.9.3.jar;C:\Users\guitc\OneDrive\Bureau\Code\Java\env\maven\repository\org\junit\jupiter\junit-jupiter-engine\5.9.3\junit-jupiter-engine-5.9.3.jar;C:\Users\guitc\OneDrive\Bureau\Code\Java\env\maven\repository\org\junit\platform\junit-platform-engine\1.9.3\junit-platform-engine-1.9.3.jar;C:\Users\guitc\OneDrive\Bureau\Code\Java\env\maven\repository\org\mockito\mockito-core\5.3.1\mockito-core-5.3.1.jar;C:\Users\guitc\OneDrive\Bureau\Code\Java\env\maven\repository\net\bytebuddy\byte-buddy-agent\1.14.8\byte-buddy-agent-1.14.8.jar;C:\Users\guitc\OneDrive\Bureau\Code\Java\env\maven\repository\org\objenesis\objenesis\3.3\objenesis-3.3.jar;C:\Users\guitc\OneDrive\Bureau\Code\Java\env\maven\repository\org\mockito\mockito-junit-jupiter\5.3.1\mockito-junit-jupiter-5.3.1.jar;C:\Users\guitc\OneDrive\Bureau\Code\Java\env\maven\repository\org\skyscreamer\jsonassert\1.5.1\jsonassert-1.5.1.jar;C:\Users\guitc\OneDrive\Bureau\Code\Java\env\maven\repository\com\vaadin\external\google\android-json\0.0.20131108.vaadin1\android-json-0.0.20131108.vaadin1.jar;C:\Users\guitc\OneDrive\Bureau\Code\Java\env\maven\repository\org\springframework\spring-core\6.0.12\spring-core-6.0.12.jar;C:\Users\guitc\OneDrive\Bureau\Code\Java\env\maven\repository\org\springframework\spring-jcl\6.0.12\spring-jcl-6.0.12.jar;C:\Users\guitc\OneDrive\Bureau\Code\Java\env\maven\repository\org\springframework\spring-test\6.0.12\spring-test-6.0.12.jar;C:\Users\guitc\OneDrive\Bureau\Code\Java\env\maven\repository\org\xmlunit\xmlunit-core\2.9.1\xmlunit-core-2.9.1.jar;"/>
    <property name="sun.cpu.endian" value="little"/>
    <property name="user.home" value="C:\Users\guitc"/>
    <property name="user.language" value="fr"/>
    <property name="java.specification.vendor" value="Oracle Corporation"/>
    <property name="java.version.date" value="2023-07-18"/>
    <property name="java.home" value="C:\Users\guitc\OneDrive\Bureau\Code\Java\env\java\jdk-20.0.2"/>
    <property name="file.separator" value="\"/>
    <property name="basedir" value="C:\Users\guitc\OneDrive\Bureau\Code\Java\Spring\udemy\spring-pet-clinic\pet-clinic-web"/>
    <property name="java.vm.compressedOopsMode" value="Zero based"/>
    <property name="line.separator" value="&#10;"/>
    <property name="java.vm.specification.vendor" value="Oracle Corporation"/>
    <property name="java.specification.name" value="Java Platform API Specification"/>
    <property name="FILE_LOG_CHARSET" value="UTF-8"/>
    <property name="java.awt.headless" value="true"/>
    <property name="surefire.real.class.path" value="C:\Users\guitc\AppData\Local\Temp\surefire9201337621624834062\surefirebooter-20231009181231349_3.jar"/>
    <property name="user.script" value=""/>
    <property name="sun.management.compiler" value="HotSpot 64-Bit Tiered Compilers"/>
    <property name="java.runtime.version" value="20.0.2+9-78"/>
    <property name="user.name" value="guitc"/>
    <property name="stdout.encoding" value="Cp1252"/>
    <property name="path.separator" value=";"/>
    <property name="os.version" value="10.0"/>
    <property name="java.runtime.name" value="Java(TM) SE Runtime Environment"/>
    <property name="file.encoding" value="UTF-8"/>
    <property name="java.vm.name" value="Java HotSpot(TM) 64-Bit Server VM"/>
    <property name="localRepository" value="C:\Users\guitc\OneDrive\Bureau\Code\Java\env\maven\repository"/>
    <property name="java.vendor.url.bug" value="https://bugreport.java.com/bugreport/"/>
    <property name="java.io.tmpdir" value="C:\Users\guitc\AppData\Local\Temp\"/>
    <property name="idea.version" value="2023.2.2"/>
    <property name="com.zaxxer.hikari.pool_number" value="1"/>
    <property name="java.version" value="20.0.2"/>
    <property name="user.dir" value="C:\Users\guitc\OneDrive\Bureau\Code\Java\Spring\udemy\spring-pet-clinic\pet-clinic-web"/>
    <property name="os.arch" value="amd64"/>
    <property name="java.vm.specification.name" value="Java Virtual Machine Specification"/>
    <property name="PID" value="12036"/>
    <property name="sun.os.patch.level" value=""/>
    <property name="CONSOLE_LOG_CHARSET" value="UTF-8"/>
    <property name="native.encoding" value="Cp1252"/>
    <property name="java.library.path" value="C:\Users\guitc\OneDrive\Bureau\Code\Java\env\java\jdk-20.0.2\bin;C:\Windows\Sun\Java\bin;C:\Windows\system32;C:\Windows;C:\Users\guitc\OneDrive\Bureau\Code\Java\env\java\jdk-20.0.2;C:\Program Files\Common Files\Oracle\Java\javapath;C:\Windows\system32;C:\Windows;C:\Windows\System32\Wbem;C:\Windows\System32\WindowsPowerShell\v1.0\;C:\Windows\System32\OpenSSH\;C:\Program Files\Git\cmd;C:\Program Files\nodejs\;C:\Program Files\Azure Data Studio\bin;C:\Program Files (x86)\Microsoft SQL Server\160\Tools\Binn\;C:\Program Files\Microsoft SQL Server\160\Tools\Binn\;C:\Program Files\Microsoft SQL Server\Client SDK\ODBC\170\Tools\Binn\;C:\Program Files\Microsoft SQL Server\160\DTS\Binn\;C:\Program Files (x86)\Microsoft SQL Server\160\DTS\Binn\;&quot;;C:\Users\guitc\OneDrive\Bureau\Code\Java\env\java\jdk-20.0.2;C:\Users\guitc\OneDrive\Bureau\Code\Java\env\maven\apache-maven-3.9.4\bin&quot;;C:\Users\guitc\OneDrive\Bureau\Code\Java\env\gradle\gradle-8.3\bin;C:\Users\guitc\AppData\Local\Microsoft\WindowsApps;C:\Users\guitc\AppData\Local\Programs\Microsoft VS Code\bin;C:\Users\guitc\AppData\Roaming\npm;C:\Program Files\Azure Data Studio\bin;C:\Program Files\Java\jdk-17\bin;C:\Users\guitc\OneDrive\Bureau\Code\Java\env\maven\apache-maven-3.9.4\bin;;."/>
    <property name="java.vm.info" value="mixed mode, sharing"/>
    <property name="stderr.encoding" value="Cp1252"/>
    <property name="java.vendor" value="Oracle Corporation"/>
    <property name="java.vm.version" value="20.0.2+9-78"/>
    <property name="sun.io.unicode.encoding" value="UnicodeLittle"/>
    <property name="java.class.version" value="64.0"/>
  </properties>
  <testcase name="contextLoads" classname="com.udemy.springpetclinic.SpringPetClinicApplicationTests" time="1.258">
    <system-out><![CDATA[18:12:32.553 [main] INFO org.springframework.test.context.support.AnnotationConfigContextLoaderUtils -- Could not detect default configuration classes for test class [com.udemy.springpetclinic.SpringPetClinicApplicationTests]: SpringPetClinicApplicationTests does not declare any static, non-private, non-final, nested classes annotated with @Configuration.
18:12:32.683 [main] INFO org.springframework.boot.test.context.SpringBootTestContextBootstrapper -- Found @SpringBootConfiguration com.udemy.springpetclinic.SpringPetClinicApplication for test class com.udemy.springpetclinic.SpringPetClinicApplicationTests

  .   ____          _            __ _ _
 /\\ / ___'_ __ _ _(_)_ __  __ _ \ \ \ \
( ( )\___ | '_ | '_| | '_ \/ _` | \ \ \ \
 \\/  ___)| |_)| | | | | || (_| |  ) ) ) )
  '  |____| .__|_| |_|_| |_\__, | / / / /
 =========|_|==============|___/=/_/_/_/
 :: Spring Boot ::                (v3.1.4)

2023-10-09T18:12:33.357+02:00  INFO 12036 --- [           main] c.u.s.SpringPetClinicApplicationTests    : Starting SpringPetClinicApplicationTests using Java 20.0.2 with PID 12036 (started by guitc in C:\Users\guitc\OneDrive\Bureau\Code\Java\Spring\udemy\spring-pet-clinic\pet-clinic-web)
2023-10-09T18:12:33.358+02:00  INFO 12036 --- [           main] c.u.s.SpringPetClinicApplicationTests    : The following 1 profile is active: "springdatajpa"
2023-10-09T18:12:34.801+02:00  INFO 12036 --- [           main] .s.d.r.c.RepositoryConfigurationDelegate : Bootstrapping Spring Data JPA repositories in DEFAULT mode.
2023-10-09T18:12:34.903+02:00  INFO 12036 --- [           main] .s.d.r.c.RepositoryConfigurationDelegate : Finished Spring Data repository scanning in 83 ms. Found 6 JPA repository interfaces.
2023-10-09T18:12:35.678+02:00  INFO 12036 --- [           main] com.zaxxer.hikari.HikariDataSource       : HikariPool-1 - Starting...
2023-10-09T18:12:35.928+02:00  INFO 12036 --- [           main] com.zaxxer.hikari.pool.HikariPool        : HikariPool-1 - Added connection conn0: url=jdbc:h2:mem:76c52d1c-e017-4bae-9396-2c0c27eabec5 user=SA
2023-10-09T18:12:35.931+02:00  INFO 12036 --- [           main] com.zaxxer.hikari.HikariDataSource       : HikariPool-1 - Start completed.
2023-10-09T18:12:36.021+02:00  INFO 12036 --- [           main] o.hibernate.jpa.internal.util.LogHelper  : HHH000204: Processing PersistenceUnitInfo [name: default]
2023-10-09T18:12:36.174+02:00  INFO 12036 --- [           main] org.hibernate.Version                    : HHH000412: Hibernate ORM core version 6.2.9.Final
2023-10-09T18:12:36.177+02:00  INFO 12036 --- [           main] org.hibernate.cfg.Environment            : HHH000406: Using bytecode reflection optimizer
2023-10-09T18:12:36.479+02:00  INFO 12036 --- [           main] o.h.b.i.BytecodeProviderInitiator        : HHH000021: Bytecode provider name : bytebuddy
2023-10-09T18:12:36.713+02:00  INFO 12036 --- [           main] o.s.o.j.p.SpringPersistenceUnitInfo      : No LoadTimeWeaver setup: ignoring JPA class transformer
2023-10-09T18:12:37.221+02:00  INFO 12036 --- [           main] o.h.b.i.BytecodeProviderInitiator        : HHH000021: Bytecode provider name : bytebuddy
2023-10-09T18:12:38.289+02:00  INFO 12036 --- [           main] o.h.e.t.j.p.i.JtaPlatformInitiator       : HHH000490: Using JtaPlatform implementation: [org.hibernate.engine.transaction.jta.platform.internal.NoJtaPlatform]
2023-10-09T18:12:38.371+02:00  INFO 12036 --- [           main] j.LocalContainerEntityManagerFactoryBean : Initialized JPA EntityManagerFactory for persistence unit 'default'
2023-10-09T18:12:40.013+02:00  WARN 12036 --- [           main] JpaBaseConfiguration$JpaWebConfiguration : spring.jpa.open-in-view is enabled by default. Therefore, database queries may be performed during view rendering. Explicitly configure spring.jpa.open-in-view to disable this warning
2023-10-09T18:12:40.414+02:00  INFO 12036 --- [           main] o.s.b.a.w.s.WelcomePageHandlerMapping    : Adding welcome page template: index
2023-10-09T18:12:42.698+02:00  INFO 12036 --- [           main] o.s.b.a.e.web.EndpointLinksResolver      : Exposing 1 endpoint(s) beneath base path '/actuator'
2023-10-09T18:12:43.000+02:00  INFO 12036 --- [           main] c.u.s.SpringPetClinicApplicationTests    : Started SpringPetClinicApplicationTests in 10.096 seconds (process running for 11.438)
Loaded Owners....
Loaded Vets....
]]></system-out>
  </testcase>
</testsuite>